<?xml version="1.0" encoding="UTF-8"?>
<!-- Generated by org.testng.reporters.JUnitXMLReporter -->
<testsuite ignored="0" hostname="glock.prg.cxn" failures="1" tests="2" name="TestSearch" time="27.143" errors="0" timestamp="09 Mar 2020 12:30:57 GMT">
  <testcase classname="org.dawix.tests.google.TestGoogle" name="accessGoogle" time="4.412">
    <failure type="java.lang.AssertionError" message="null">
      <![CDATA[java.lang.AssertionError: null
at org.dawix.tests.google.TestGoogle.accessGoogle(TestGoogle.java:24)
at org.dawix.tests.TestExecutor.testRunner(TestExecutor.java:61)
at com.sun.proxy.$Proxy2.stop(Unknown Source)
at java.base/java.util.concurrent.ThreadPoolExecutor.runWorker(ThreadPoolExecutor.java:1128)
at java.base/java.util.concurrent.ThreadPoolExecutor$Worker.run(ThreadPoolExecutor.java:628)
at java.base/java.lang.Thread.run(Thread.java:834)
... Removed 70 stack frames]]>
    </failure>
  </testcase> <!-- accessGoogle -->
  <testcase classname="org.dawix.tests.google.TestGoogle" name="testGoogle" time="5.411"/>
</testsuite> <!-- TestSearch -->
