<?xml version="1.0" encoding="UTF-8"?>
<!-- Generated by org.testng.reporters.JUnitXMLReporter -->
<testsuite ignored="1" hostname="glock.prg.cxn" failures="0" tests="1" name="TmpTest" time="11.77" errors="0" timestamp="09 Mar 2020 11:22:07 GMT">
  <testcase classname="org.dawix.tests.google.TestGoogle" name="testGoogle" time="4.247"/>
  <testcase classname="org.dawix.tests.google.TestGoogle" name="accessGoogle" time="0.0">
    <ignored/>
  </testcase> <!-- accessGoogle -->
</testsuite> <!-- TmpTest -->
